#
# A fatal error has been detected by the Java Runtime Environment:
#
#  EXCEPTION_ACCESS_VIOLATION (0xc0000005) at pc=0x00007ffb989f3492, pid=164136, tid=149452
#
# JRE version: OpenJDK Runtime Environment GraalVM CE 22.3.2 (17.0.7+7) (build 17.0.7+7-jvmci-22.3-b18)
# Java VM: OpenJDK 64-Bit Server VM GraalVM CE 22.3.2 (17.0.7+7-jvmci-22.3-b18, mixed mode, sharing, tiered, jvmci, jvmci compiler, compressed oops, compressed class ptrs, g1 gc, windows-amd64)
# Problematic frame:
# V  [jvm.dll+0x3e3492]
#
# No core dump will be written. Minidumps are not enabled by default on client versions of Windows
#
# If you would like to submit a bug report, please visit:
#   https://github.com/oracle/graal/issues
#

---------------  S U M M A R Y ------------

Command Line: -XX:ThreadPriorityPolicy=1 -XX:+UnlockExperimentalVMOptions -XX:+EnableJVMCIProduct -XX:JVMCIThreadsPerNativeLibraryRuntime=1 -XX:-UnlockExperimentalVMOptions -agentlib:jdwp=transport=dt_socket,address=127.0.0.1:62108,suspend=y,server=n -Djava.library.path=E:\Project\Network2desktop\build\classes\kotlin\jvm\main -javaagent:C:/Users/dache/.gradle/caches/modules-2/files-2.1/org.jetbrains.kotlinx/kotlinx-coroutines-core-jvm/1.6.4/2c997cd1c0ef33f3e751d3831929aeff1390cb30/kotlinx-coroutines-core-jvm-1.6.4.jar -javaagent:C:\Users\dache\AppData\Local\JetBrains\Toolbox\apps\IDEA-U\ch-0\231.9225.16\plugins\java\lib\rt\debugger-agent.jar=file:/C:/Users/dache/AppData/Local/Temp/capture.props -Dfile.encoding=UTF-8 MainKt

Host: AMD Ryzen 7 5700X 8-Core Processor             , 16 cores, 31G,  Windows 10 , 64 bit Build 19041 (10.0.19041.3155)
Time: Sun Sep  3 20:29:48 2023  Windows 10 , 64 bit Build 19041 (10.0.19041.3155) elapsed time: 25.396433 seconds (0d 0h 0m 25s)

---------------  T H R E A D  ---------------

Current thread (0x0000027b64d1a5e0):  JavaThread "AWT-EventQueue-0" [_thread_in_vm, id=149452, stack(0x000000e1e5700000,0x000000e1e5800000)]

Stack: [0x000000e1e5700000,0x000000e1e5800000],  sp=0x000000e1e57fd980,  free space=1014k
Native frames: (J=compiled Java code, j=interpreted, Vv=VM code, C=native code)
V  [jvm.dll+0x3e3492]
C  [skiko-windows-x64.dll+0x57d8c]

Java frames: (J=compiled Java code, j=interpreted, Vv=VM code)
j  org.jetbrains.skiko.redrawer.Direct3DRedrawer.initSwapChain(J)V+0
j  org.jetbrains.skiko.redrawer.Direct3DRedrawer.initSwapChain()V+5
j  org.jetbrains.skiko.context.Direct3DContextHandler.initCanvas()V+106
j  org.jetbrains.skiko.context.ContextHandler.draw()V+21
j  org.jetbrains.skiko.redrawer.Direct3DRedrawer.drawAndSwap(Z)V+21
j  org.jetbrains.skiko.redrawer.Direct3DRedrawer.redrawImmediately()V+180
j  org.jetbrains.skiko.SkiaLayer.paint(Ljava/awt/Graphics;)V+51
j  androidx.compose.ui.awt.ComposeLayer$ComponentImpl.paint(Ljava/awt/Graphics;)V+12
j  javax.swing.JComponent.paintChildren(Ljava/awt/Graphics;)V+523 java.desktop@17.0.7
j  javax.swing.JComponent.paint(Ljava/awt/Graphics;)V+318 java.desktop@17.0.7
j  javax.swing.JLayeredPane.paint(Ljava/awt/Graphics;)V+73 java.desktop@17.0.7
j  javax.swing.JComponent.paintChildren(Ljava/awt/Graphics;)V+523 java.desktop@17.0.7
j  javax.swing.JComponent.paint(Ljava/awt/Graphics;)V+318 java.desktop@17.0.7
j  androidx.compose.ui.window.Window_desktopKt$Window$11$1.invoke(Landroidx/compose/ui/awt/ComposeWindow;)V+70
j  androidx.compose.ui.window.Window_desktopKt$Window$11$1.invoke(Ljava/lang/Object;)Ljava/lang/Object;+5
j  androidx.compose.ui.window.AwtWindow_desktopKt$AwtWindow$3.invoke()V+13
j  androidx.compose.ui.window.AwtWindow_desktopKt$AwtWindow$3.invoke()Ljava/lang/Object;+1
j  androidx.compose.ui.util.UpdateEffect_desktopKt$UpdateEffect$2$performUpdate$1.invoke()V+7
j  androidx.compose.ui.util.UpdateEffect_desktopKt$UpdateEffect$2$performUpdate$1.invoke()Ljava/lang/Object;+1
j  androidx.compose.runtime.snapshots.Snapshot$Companion.observe(Lkotlin/jvm/functions/Function1;Lkotlin/jvm/functions/Function1;Lkotlin/jvm/functions/Function0;)Ljava/lang/Object;+108
j  androidx.compose.runtime.snapshots.SnapshotStateObserver$observeReads$1$1.invoke()V+15
j  androidx.compose.runtime.snapshots.SnapshotStateObserver$observeReads$1$1.invoke()Ljava/lang/Object;+1
j  androidx.compose.runtime.SnapshotStateKt__DerivedStateKt.observeDerivedStateRecalculations(Lkotlin/jvm/functions/Function1;Lkotlin/jvm/functions/Function1;Lkotlin/jvm/functions/Function0;)V+94
j  androidx.compose.runtime.SnapshotStateKt.observeDerivedStateRecalculations(Lkotlin/jvm/functions/Function1;Lkotlin/jvm/functions/Function1;Lkotlin/jvm/functions/Function0;)V+3
j  androidx.compose.runtime.snapshots.SnapshotStateObserver.observeReads(Ljava/lang/Object;Lkotlin/jvm/functions/Function1;Lkotlin/jvm/functions/Function0;)V+184
j  androidx.compose.ui.util.UpdateEffect_desktopKt$UpdateEffect$2.invoke$performUpdate(Landroidx/compose/runtime/snapshots/SnapshotStateObserver;Lkotlin/jvm/internal/Ref$ObjectRef;Landroidx/compose/runtime/State;)V+38
j  androidx.compose.ui.util.UpdateEffect_desktopKt$UpdateEffect$2.invoke(Landroidx/compose/runtime/DisposableEffectScope;)Landroidx/compose/runtime/DisposableEffectResult;+59
j  androidx.compose.ui.util.UpdateEffect_desktopKt$UpdateEffect$2.invoke(Ljava/lang/Object;)Ljava/lang/Object;+5
j  androidx.compose.runtime.DisposableEffectImpl.onRemembered()V+8
j  androidx.compose.runtime.CompositionImpl$RememberEventDispatcher.dispatchRememberObservers()V+234
j  androidx.compose.runtime.CompositionImpl.applyChangesInLocked(Ljava/util/List;)V+246
j  androidx.compose.runtime.CompositionImpl.applyChanges()V+41
j  androidx.compose.runtime.Recomposer.composeInitial$runtime(Landroidx/compose/runtime/ControlledComposition;Lkotlin/jvm/functions/Function2;)V+271
j  androidx.compose.runtime.CompositionImpl.setContent(Lkotlin/jvm/functions/Function2;)V+55
j  androidx.compose.ui.window.Application_desktopKt$awaitApplication$2$1$2.invokeSuspend(Ljava/lang/Object;)Ljava/lang/Object;+89
j  kotlin.coroutines.jvm.internal.BaseContinuationImpl.resumeWith(Ljava/lang/Object;)V+44
j  kotlinx.coroutines.DispatchedTask.run()V+314
j  java.awt.event.InvocationEvent.dispatch$$$capture()V+47 java.desktop@17.0.7
j  java.awt.event.InvocationEvent.dispatch()V+5 java.desktop@17.0.7
j  java.awt.EventQueue.dispatchEventImpl(Ljava/awt/AWTEvent;Ljava/lang/Object;)V+21 java.desktop@17.0.7
j  java.awt.EventQueue$4.run()Ljava/lang/Void;+32 java.desktop@17.0.7
j  java.awt.EventQueue$4.run()Ljava/lang/Object;+1 java.desktop@17.0.7
j  java.security.AccessController.executePrivileged(Ljava/security/PrivilegedAction;Ljava/security/AccessControlContext;Ljava/lang/Class;)Ljava/lang/Object;+29 java.base@17.0.7
j  java.security.AccessController.doPrivileged(Ljava/security/PrivilegedAction;Ljava/security/AccessControlContext;)Ljava/lang/Object;+13 java.base@17.0.7
j  java.security.ProtectionDomain$JavaSecurityAccessImpl.doIntersectionPrivilege(Ljava/security/PrivilegedAction;Ljava/security/AccessControlContext;Ljava/security/AccessControlContext;)Ljava/lang/Object;+18 java.base@17.0.7
j  java.awt.EventQueue.dispatchEvent(Ljava/awt/AWTEvent;)V+46 java.desktop@17.0.7
j  java.awt.EventDispatchThread.pumpOneEventForFilters(I)V+78 java.desktop@17.0.7
j  java.awt.EventDispatchThread.pumpEventsForFilter(ILjava/awt/Conditional;Ljava/awt/EventFilter;)V+35 java.desktop@17.0.7
j  java.awt.EventDispatchThread.pumpEventsForHierarchy(ILjava/awt/Conditional;Ljava/awt/Component;)V+11 java.desktop@17.0.7
j  java.awt.EventDispatchThread.pumpEvents(ILjava/awt/Conditional;)V+4 java.desktop@17.0.7
j  java.awt.EventDispatchThread.pumpEvents(Ljava/awt/Conditional;)V+3 java.desktop@17.0.7
j  java.awt.EventDispatchThread.run()V+9 java.desktop@17.0.7
v  ~StubRoutines::call_stub

siginfo: EXCEPTION_ACCESS_VIOLATION (0xc0000005), reading address 0x0000000000000000


Register to memory mapping:

RIP=0x00007ffb989f3492 jvm.dll
RAX=0x0 is NULL
RBX=0x0000027b64d1a5e0 is a thread
RCX=0xe587ca9346c30000 is an unknown value
RDX=0x0000027b5acb6ac8 is a global jni handle
RSP=0x000000e1e57fd980 is pointing into the stack for thread: 0x0000027b64d1a5e0
RBP=0x000000e1e57fda78 is pointing into the stack for thread: 0x0000027b64d1a5e0
RSI=0x0 is NULL
RDI=0x0000027b64d1a888 points into unknown readable memory: 0x00007ffb990a0670 | 70 06 0a 99 fb 7f 00 00
R8 =0x0 is NULL
R9 =0x000000e1e57fda78 is pointing into the stack for thread: 0x0000027b64d1a5e0
R10=0x0000027b64d1a5e0 is a thread
R11=0x000000e1e57fd978 is pointing into the stack for thread: 0x0000027b64d1a5e0
R12=0x0 is NULL
R13={method} {0x0000027b5ba42858} 'initSwapChain' '(J)V' in 'org/jetbrains/skiko/redrawer/Direct3DRedrawer'
R14=0x000000e1e57fdc60 is pointing into the stack for thread: 0x0000027b64d1a5e0
R15=0x0000027b64d1a5e0 is a thread


Registers:
RAX=0x0000000000000000, RBX=0x0000027b64d1a5e0, RCX=0xe587ca9346c30000, RDX=0x0000027b5acb6ac8
RSP=0x000000e1e57fd980, RBP=0x000000e1e57fda78, RSI=0x0000000000000000, RDI=0x0000027b64d1a888
R8 =0x0000000000000000, R9 =0x000000e1e57fda78, R10=0x0000027b64d1a5e0, R11=0x000000e1e57fd978
R12=0x0000000000000000, R13=0x0000027b5ba42850, R14=0x000000e1e57fdc60, R15=0x0000027b64d1a5e0
RIP=0x00007ffb989f3492, EFLAGS=0x0000000000010202

Top of Stack: (sp=0x000000e1e57fd980)
0x000000e1e57fd980:   0000027b64d1a5e0 0000000000000000
0x000000e1e57fd990:   0000000000000084 000000e1e57fdc60
0x000000e1e57fd9a0:   0000027b5ba42850 0000000000000000
0x000000e1e57fd9b0:   000000e1e57fda90 00007ffb98a1749a
0x000000e1e57fd9c0:   0000027b64d1a5e0 0000027b64d1a5e0
0x000000e1e57fd9d0:   0000027b64d1a5e0 0000027b64c78a08
0x000000e1e57fd9e0:   0000027b00000453 00007ffb98f0de40
0x000000e1e57fd9f0:   0000027b5ba42850 0000000000000000
0x000000e1e57fda00:   000000e1e57fda90 00007ffb989f75a7
0x000000e1e57fda10:   0000027b64d1a5e0 000000e1e57fdc30
0x000000e1e57fda20:   000000e1e57fdc60 00007ffb75357d8c
0x000000e1e57fda30:   0000027b64d1a888 000000e1e57fdc30
0x000000e1e57fda40:   0000027b5bd54040 0000027b793bc3c4
0x000000e1e57fda50:   0000027b793bc3c4 00007ffb7535824c
0x000000e1e57fda60:   0000027b64d1a888 0000027b5bd54040
0x000000e1e57fda70:   0000000000000000 0000027b64a0dbb8 

Instructions: (pc=0x00007ffb989f3492)
0x00007ffb989f3392:   4b 08 48 8b 43 10 48 89 41 10 48 8b 4b 08 48 8b
0x00007ffb989f33a2:   43 18 48 89 41 18 48 8b 4b 08 48 8b 43 20 48 89
0x00007ffb989f33b2:   41 20 48 8d 8f 88 02 00 00 e8 60 4a ee ff 90 c7
0x00007ffb989f33c2:   87 38 03 00 00 04 00 00 00 48 81 c4 b0 00 00 00
0x00007ffb989f33d2:   41 5e 5f 5e 5d 5b c3 cc cc cc cc cc cc cc 48 89
0x00007ffb989f33e2:   5c 24 08 48 89 6c 24 10 48 89 74 24 18 48 89 7c
0x00007ffb989f33f2:   24 20 41 56 48 81 ec a0 00 00 00 8b 81 b8 00 00
0x00007ffb989f3402:   00 48 8d 99 58 fd ff ff 05 55 21 ff ff 49 8b e9
0x00007ffb989f3412:   49 8b f0 48 8b f9 83 f8 01 76 0a 48 8b cb e8 3b
0x00007ffb989f3422:   51 39 00 33 db c7 83 38 03 00 00 05 00 00 00 e8
0x00007ffb989f3432:   5a 58 27 00 90 48 8b 83 40 03 00 00 a8 01 74 0a
0x00007ffb989f3442:   b2 01 48 8b cb e8 d4 55 2e 00 83 bb 2c 03 00 00
0x00007ffb989f3452:   00 75 0a 8b 83 28 03 00 00 a8 0c 74 0a 33 d2 48
0x00007ffb989f3462:   8b cb e8 87 79 39 00 c7 83 38 03 00 00 06 00 00
0x00007ffb989f3472:   00 48 83 7b 08 00 48 89 5c 24 50 48 c7 44 24 58
0x00007ffb989f3482:   00 00 00 00 74 0a 48 8d 4c 24 50 e8 5e f3 2a 00
0x00007ffb989f3492:   48 8b 16 48 8d 4c 24 70 c7 44 24 40 0e 00 00 00
0x00007ffb989f34a2:   e8 e9 66 00 00 48 8d 44 24 70 48 89 5c 24 30 48
0x00007ffb989f34b2:   89 44 24 28 4c 8d 35 0b aa 51 00 45 33 c9 48 89
0x00007ffb989f34c2:   74 24 20 45 33 c0 4c 89 74 24 70 48 8d 54 24 40
0x00007ffb989f34d2:   48 89 ac 24 98 00 00 00 48 8b cf e8 9e 7a 00 00
0x00007ffb989f34e2:   48 83 7c 24 58 00 4c 89 74 24 70 48 c7 84 24 98
0x00007ffb989f34f2:   00 00 00 00 00 00 00 74 0a 48 8d 4c 24 50 e8 8b
0x00007ffb989f3502:   f3 2a 00 48 8b bb e8 00 00 00 48 8b 47 10 48 83
0x00007ffb989f3512:   38 00 74 08 48 8b cf e8 a2 52 f6 ff 48 8b 4f 08
0x00007ffb989f3522:   48 8b 47 10 48 89 41 10 48 8b 4f 08 48 8b 47 18
0x00007ffb989f3532:   48 89 41 18 48 8b 4f 08 48 8b 47 20 48 89 41 20
0x00007ffb989f3542:   48 8d 8b 88 02 00 00 e8 d2 48 ee ff 4c 8d 9c 24
0x00007ffb989f3552:   a0 00 00 00 90 49 8b 6b 18 49 8b 73 20 49 8b 7b
0x00007ffb989f3562:   28 c7 83 38 03 00 00 04 00 00 00 49 8b 5b 10 49
0x00007ffb989f3572:   8b e3 41 5e c3 cc cc cc cc cc cc cc cc cc 48 89
0x00007ffb989f3582:   5c 24 08 48 89 6c 24 10 48 89 74 24 18 57 48 81 


Stack slot to memory mapping:
stack at sp + 0 slots: 0x0000027b64d1a5e0 is a thread
stack at sp + 1 slots: 0x0 is NULL
stack at sp + 2 slots: 0x0000000000000084 is an unknown value
stack at sp + 3 slots: 0x000000e1e57fdc60 is pointing into the stack for thread: 0x0000027b64d1a5e0
stack at sp + 4 slots: {method} {0x0000027b5ba42858} 'initSwapChain' '(J)V' in 'org/jetbrains/skiko/redrawer/Direct3DRedrawer'
stack at sp + 5 slots: 0x0 is NULL
stack at sp + 6 slots: 0x000000e1e57fda90 is pointing into the stack for thread: 0x0000027b64d1a5e0
stack at sp + 7 slots: 0x00007ffb98a1749a jvm.dll


---------------  P R O C E S S  ---------------

Threads class SMR info:
_java_thread_list=0x0000027b79383b50, length=27, elements={
0x0000027b29812bf0, 0x0000027b59e70590, 0x0000027b59e71320, 0x0000027b59e8ff00,
0x0000027b59e909d0, 0x0000027b59e933b0, 0x0000027b59e93c80, 0x0000027b59e9fe40,
0x0000027b59ea0800, 0x0000027b59eb5120, 0x0000027b5aaf0ca0, 0x0000027b5ac7bab0,
0x0000027b648db020, 0x0000027b6490dc90, 0x0000027b64ca91f0, 0x0000027b64a0fad0,
0x0000027b64d1a5e0, 0x0000027b64d1a0d0, 0x0000027b64d1b000, 0x0000027b64d1b510,
0x0000027b7940c380, 0x0000027b794090e0, 0x0000027b798627d0, 0x0000027b7944a180,
0x0000027b6480f530, 0x0000027b7940e6f0, 0x0000027b7940f620
}

Java Threads: ( => current thread )
  0x0000027b29812bf0 JavaThread "main" [_thread_blocked, id=165656, stack(0x000000e1e3600000,0x000000e1e3700000)]
  0x0000027b59e70590 JavaThread "Reference Handler" daemon [_thread_blocked, id=148820, stack(0x000000e1e3d00000,0x000000e1e3e00000)]
  0x0000027b59e71320 JavaThread "Finalizer" daemon [_thread_blocked, id=98360, stack(0x000000e1e3e00000,0x000000e1e3f00000)]
  0x0000027b59e8ff00 JavaThread "Signal Dispatcher" daemon [_thread_blocked, id=158600, stack(0x000000e1e3f00000,0x000000e1e4000000)]
  0x0000027b59e909d0 JavaThread "Attach Listener" daemon [_thread_blocked, id=150672, stack(0x000000e1e4000000,0x000000e1e4100000)]
  0x0000027b59e933b0 JavaThread "Service Thread" daemon [_thread_blocked, id=158588, stack(0x000000e1e4100000,0x000000e1e4200000)]
  0x0000027b59e93c80 JavaThread "Monitor Deflation Thread" daemon [_thread_blocked, id=164528, stack(0x000000e1e4200000,0x000000e1e4300000)]
  0x0000027b59e9fe40 JavaThread "JVMCI-native CompilerThread0" daemon [_thread_blocked, id=164552, stack(0x000000e1e4300000,0x000000e1e4400000)]
  0x0000027b59ea0800 JavaThread "C1 CompilerThread0" daemon [_thread_blocked, id=158512, stack(0x000000e1e4400000,0x000000e1e4500000)]
  0x0000027b59eb5120 JavaThread "Sweeper thread" daemon [_thread_blocked, id=159208, stack(0x000000e1e4500000,0x000000e1e4600000)]
  0x0000027b5aaf0ca0 JavaThread "Common-Cleaner" daemon [_thread_blocked, id=160048, stack(0x000000e1e4600000,0x000000e1e4700000)]
  0x0000027b5ac7bab0 JavaThread "JDWP Event Helper Thread" daemon [_thread_blocked, id=148104, stack(0x000000e1e4b00000,0x000000e1e4c00000)]
  0x0000027b648db020 JavaThread "Coroutines Debugger Cleaner" daemon [_thread_blocked, id=162072, stack(0x000000e1e5100000,0x000000e1e5200000)]
  0x0000027b6490dc90 JavaThread "Notification Thread" daemon [_thread_blocked, id=157516, stack(0x000000e1e5200000,0x000000e1e5300000)]
  0x0000027b64ca91f0 JavaThread "Java2D Disposer" daemon [_thread_blocked, id=65680, stack(0x000000e1e5400000,0x000000e1e5500000)]
  0x0000027b64a0fad0 JavaThread "AWT-Shutdown" [_thread_blocked, id=165112, stack(0x000000e1e5500000,0x000000e1e5600000)]
=>0x0000027b64d1a5e0 JavaThread "AWT-EventQueue-0" [_thread_in_vm, id=149452, stack(0x000000e1e5700000,0x000000e1e5800000)]
  0x0000027b64d1a0d0 JavaThread "DefaultDispatcher-worker-1" daemon [_thread_blocked, id=143928, stack(0x000000e1e4d00000,0x000000e1e4e00000)]
  0x0000027b64d1b000 JavaThread "DefaultDispatcher-worker-2" daemon [_thread_blocked, id=158040, stack(0x000000e1e4e00000,0x000000e1e4f00000)]
  0x0000027b64d1b510 JavaThread "DefaultDispatcher-worker-3" daemon [_thread_blocked, id=163128, stack(0x000000e1e8300000,0x000000e1e8400000)]
  0x0000027b7940c380 JavaThread "kotlinx.coroutines.DefaultExecutor" daemon [_thread_blocked, id=114400, stack(0x000000e1e8400000,0x000000e1e8500000)]
  0x0000027b794090e0 JavaThread "Reference Cleaner" daemon [_thread_blocked, id=163264, stack(0x000000e1e8500000,0x000000e1e8600000)]
  0x0000027b798627d0 JavaThread "JVMCI-native CompilerThread1" daemon [_thread_blocked, id=162988, stack(0x000000e1e8900000,0x000000e1e8a00000)]
  0x0000027b7944a180 JavaThread "C1 CompilerThread1" daemon [_thread_blocked, id=160740, stack(0x000000e1e4c00000,0x000000e1e4d00000)]
  0x0000027b6480f530 JavaThread "C1 CompilerThread2" daemon [_thread_blocked, id=158272, stack(0x000000e1e4f00000,0x000000e1e5000000)]
  0x0000027b7940e6f0 JavaThread "SIGINT handler" daemon [_thread_blocked, id=159864, stack(0x000000e1e5000000,0x000000e1e5100000)]
  0x0000027b7940f620 JavaThread "ToolkitShutdown" daemon [_thread_in_native, id=162512, stack(0x000000e1e8b00000,0x000000e1e8c00000)]

Other Threads:
  0x0000027b59e69a60 VMThread "VM Thread" [stack: 0x000000e1e3c00000,0x000000e1e3d00000] [id=141832]
  0x0000027b5ac04820 WatcherThread [stack: 0x000000e1e5300000,0x000000e1e5400000] [id=159488]
  0x0000027b298c1e10 GCTaskThread "GC Thread#0" [stack: 0x000000e1e3700000,0x000000e1e3800000] [id=103112]
  0x0000027b64d77390 GCTaskThread "GC Thread#1" [stack: 0x000000e1e5800000,0x000000e1e5900000] [id=165568]
  0x0000027b64d77640 GCTaskThread "GC Thread#2" [stack: 0x000000e1e5900000,0x000000e1e5a00000] [id=163764]
  0x0000027b64d78910 GCTaskThread "GC Thread#3" [stack: 0x000000e1e5a00000,0x000000e1e5b00000] [id=139100]
  0x0000027b64d78bc0 GCTaskThread "GC Thread#4" [stack: 0x000000e1e5b00000,0x000000e1e5c00000] [id=152104]
  0x0000027b64d78e70 GCTaskThread "GC Thread#5" [stack: 0x000000e1e5c00000,0x000000e1e5d00000] [id=153648]
  0x0000027b64dc8d70 GCTaskThread "GC Thread#6" [stack: 0x000000e1e5d00000,0x000000e1e5e00000] [id=162364]
  0x0000027b64dc9020 GCTaskThread "GC Thread#7" [stack: 0x000000e1e5e00000,0x000000e1e5f00000] [id=158708]
  0x0000027b64dc92d0 GCTaskThread "GC Thread#8" [stack: 0x000000e1e5f00000,0x000000e1e6000000] [id=164312]
  0x0000027b64dc9580 GCTaskThread "GC Thread#9" [stack: 0x000000e1e6000000,0x000000e1e6100000] [id=156764]
  0x0000027b64dc9c40 GCTaskThread "GC Thread#10" [stack: 0x000000e1e6100000,0x000000e1e6200000] [id=161472]
  0x0000027b64dca300 GCTaskThread "GC Thread#11" [stack: 0x000000e1e6200000,0x000000e1e6300000] [id=162876]
  0x0000027b64e00250 GCTaskThread "GC Thread#12" [stack: 0x000000e1e6300000,0x000000e1e6400000] [id=145952]
  0x0000027b298d2bb0 ConcurrentGCThread "G1 Main Marker" [stack: 0x000000e1e3800000,0x000000e1e3900000] [id=165688]
  0x0000027b298d3c70 ConcurrentGCThread "G1 Conc#0" [stack: 0x000000e1e3900000,0x000000e1e3a00000] [id=165632]
  0x0000027b59da44a0 ConcurrentGCThread "G1 Refine#0" [stack: 0x000000e1e3a00000,0x000000e1e3b00000] [id=159860]
  0x0000027b59da5de0 ConcurrentGCThread "G1 Service" [stack: 0x000000e1e3b00000,0x000000e1e3c00000] [id=146488]

Threads with active compile tasks:

VM state: not at safepoint (normal execution)

VM Mutex/Monitor currently owned by a thread: None

Heap address: 0x0000000601400000, size: 8172 MB, Compressed Oops mode: Zero based, Oop shift amount: 3

CDS archive(s) mapped at: [0x0000000800000000-0x0000000800bc0000-0x0000000800bc0000), size 12320768, SharedBaseAddress: 0x0000000800000000, ArchiveRelocationMode: 0.
Compressed class space mapped at: 0x0000000801000000-0x0000000841000000, reserved size: 1073741824
Narrow klass base: 0x0000000800000000, Narrow klass shift: 0, Narrow klass range: 0x100000000

GC Precious Log:
 CPUs: 16 total, 16 available
 Memory: 32678M
 Large Page Support: Disabled
 NUMA Support: Disabled
 Compressed Oops: Enabled (Zero based)
 Heap Region Size: 4M
 Heap Min Capacity: 8M
 Heap Initial Capacity: 512M
 Heap Max Capacity: 8172M
 Pre-touch: Disabled
 Parallel Workers: 13
 Concurrent Workers: 3
 Concurrent Refinement Workers: 13
 Periodic GC: Disabled

Heap:
 garbage-first heap   total 524288K, used 45863K [0x0000000601400000, 0x0000000800000000)
  region size 4096K, 12 young (49152K), 1 survivors (4096K)
 Metaspace       used 17904K, committed 18176K, reserved 1114112K
  class space    used 1832K, committed 1984K, reserved 1048576K

Heap Regions: E=young(eden), S=young(survivor), O=old, HS=humongous(starts), HC=humongous(continues), CS=collection set, F=free, OA=open archive, CA=closed archive, TAMS=top-at-mark-start (previous, next)
|   0|0x0000000601400000, 0x000000060177e200, 0x0000000601800000| 87%| O|  |TAMS 0x0000000601400000, 0x0000000601400000| Untracked 
|   1|0x0000000601800000, 0x0000000601800000, 0x0000000601c00000|  0%| F|  |TAMS 0x0000000601800000, 0x0000000601800000| Untracked 
|   2|0x0000000601c00000, 0x0000000601c00000, 0x0000000602000000|  0%| F|  |TAMS 0x0000000601c00000, 0x0000000601c00000| Untracked 
|   3|0x0000000602000000, 0x0000000602000000, 0x0000000602400000|  0%| F|  |TAMS 0x0000000602000000, 0x0000000602000000| Untracked 
|   4|0x0000000602400000, 0x0000000602400000, 0x0000000602800000|  0%| F|  |TAMS 0x0000000602400000, 0x0000000602400000| Untracked 
|   5|0x0000000602800000, 0x0000000602800000, 0x0000000602c00000|  0%| F|  |TAMS 0x0000000602800000, 0x0000000602800000| Untracked 
|   6|0x0000000602c00000, 0x0000000602c00000, 0x0000000603000000|  0%| F|  |TAMS 0x0000000602c00000, 0x0000000602c00000| Untracked 
|   7|0x0000000603000000, 0x0000000603000000, 0x0000000603400000|  0%| F|  |TAMS 0x0000000603000000, 0x0000000603000000| Untracked 
|   8|0x0000000603400000, 0x0000000603400000, 0x0000000603800000|  0%| F|  |TAMS 0x0000000603400000, 0x0000000603400000| Untracked 
|   9|0x0000000603800000, 0x0000000603800000, 0x0000000603c00000|  0%| F|  |TAMS 0x0000000603800000, 0x0000000603800000| Untracked 
|  10|0x0000000603c00000, 0x0000000603c00000, 0x0000000604000000|  0%| F|  |TAMS 0x0000000603c00000, 0x0000000603c00000| Untracked 
|  11|0x0000000604000000, 0x0000000604000000, 0x0000000604400000|  0%| F|  |TAMS 0x0000000604000000, 0x0000000604000000| Untracked 
|  12|0x0000000604400000, 0x0000000604400000, 0x0000000604800000|  0%| F|  |TAMS 0x0000000604400000, 0x0000000604400000| Untracked 
|  13|0x0000000604800000, 0x0000000604800000, 0x0000000604c00000|  0%| F|  |TAMS 0x0000000604800000, 0x0000000604800000| Untracked 
|  14|0x0000000604c00000, 0x0000000604c00000, 0x0000000605000000|  0%| F|  |TAMS 0x0000000604c00000, 0x0000000604c00000| Untracked 
|  15|0x0000000605000000, 0x0000000605000000, 0x0000000605400000|  0%| F|  |TAMS 0x0000000605000000, 0x0000000605000000| Untracked 
|  16|0x0000000605400000, 0x0000000605400000, 0x0000000605800000|  0%| F|  |TAMS 0x0000000605400000, 0x0000000605400000| Untracked 
|  17|0x0000000605800000, 0x0000000605800000, 0x0000000605c00000|  0%| F|  |TAMS 0x0000000605800000, 0x0000000605800000| Untracked 
|  18|0x0000000605c00000, 0x0000000605c00000, 0x0000000606000000|  0%| F|  |TAMS 0x0000000605c00000, 0x0000000605c00000| Untracked 
|  19|0x0000000606000000, 0x0000000606000000, 0x0000000606400000|  0%| F|  |TAMS 0x0000000606000000, 0x0000000606000000| Untracked 
|  20|0x0000000606400000, 0x0000000606400000, 0x0000000606800000|  0%| F|  |TAMS 0x0000000606400000, 0x0000000606400000| Untracked 
|  21|0x0000000606800000, 0x0000000606800000, 0x0000000606c00000|  0%| F|  |TAMS 0x0000000606800000, 0x0000000606800000| Untracked 
|  22|0x0000000606c00000, 0x0000000606c00000, 0x0000000607000000|  0%| F|  |TAMS 0x0000000606c00000, 0x0000000606c00000| Untracked 
|  23|0x0000000607000000, 0x0000000607000000, 0x0000000607400000|  0%| F|  |TAMS 0x0000000607000000, 0x0000000607000000| Untracked 
|  24|0x0000000607400000, 0x0000000607400000, 0x0000000607800000|  0%| F|  |TAMS 0x0000000607400000, 0x0000000607400000| Untracked 
|  25|0x0000000607800000, 0x0000000607800000, 0x0000000607c00000|  0%| F|  |TAMS 0x0000000607800000, 0x0000000607800000| Untracked 
|  26|0x0000000607c00000, 0x0000000607c00000, 0x0000000608000000|  0%| F|  |TAMS 0x0000000607c00000, 0x0000000607c00000| Untracked 
|  27|0x0000000608000000, 0x0000000608000000, 0x0000000608400000|  0%| F|  |TAMS 0x0000000608000000, 0x0000000608000000| Untracked 
|  28|0x0000000608400000, 0x0000000608400000, 0x0000000608800000|  0%| F|  |TAMS 0x0000000608400000, 0x0000000608400000| Untracked 
|  29|0x0000000608800000, 0x0000000608800000, 0x0000000608c00000|  0%| F|  |TAMS 0x0000000608800000, 0x0000000608800000| Untracked 
|  30|0x0000000608c00000, 0x0000000608c00000, 0x0000000609000000|  0%| F|  |TAMS 0x0000000608c00000, 0x0000000608c00000| Untracked 
|  31|0x0000000609000000, 0x0000000609000000, 0x0000000609400000|  0%| F|  |TAMS 0x0000000609000000, 0x0000000609000000| Untracked 
|  32|0x0000000609400000, 0x0000000609400000, 0x0000000609800000|  0%| F|  |TAMS 0x0000000609400000, 0x0000000609400000| Untracked 
|  33|0x0000000609800000, 0x0000000609800000, 0x0000000609c00000|  0%| F|  |TAMS 0x0000000609800000, 0x0000000609800000| Untracked 
|  34|0x0000000609c00000, 0x0000000609c00000, 0x000000060a000000|  0%| F|  |TAMS 0x0000000609c00000, 0x0000000609c00000| Untracked 
|  35|0x000000060a000000, 0x000000060a000000, 0x000000060a400000|  0%| F|  |TAMS 0x000000060a000000, 0x000000060a000000| Untracked 
|  36|0x000000060a400000, 0x000000060a400000, 0x000000060a800000|  0%| F|  |TAMS 0x000000060a400000, 0x000000060a400000| Untracked 
|  37|0x000000060a800000, 0x000000060a800000, 0x000000060ac00000|  0%| F|  |TAMS 0x000000060a800000, 0x000000060a800000| Untracked 
|  38|0x000000060ac00000, 0x000000060ac00000, 0x000000060b000000|  0%| F|  |TAMS 0x000000060ac00000, 0x000000060ac00000| Untracked 
|  39|0x000000060b000000, 0x000000060b000000, 0x000000060b400000|  0%| F|  |TAMS 0x000000060b000000, 0x000000060b000000| Untracked 
|  40|0x000000060b400000, 0x000000060b400000, 0x000000060b800000|  0%| F|  |TAMS 0x000000060b400000, 0x000000060b400000| Untracked 
|  41|0x000000060b800000, 0x000000060b800000, 0x000000060bc00000|  0%| F|  |TAMS 0x000000060b800000, 0x000000060b800000| Untracked 
|  42|0x000000060bc00000, 0x000000060bc00000, 0x000000060c000000|  0%| F|  |TAMS 0x000000060bc00000, 0x000000060bc00000| Untracked 
|  43|0x000000060c000000, 0x000000060c000000, 0x000000060c400000|  0%| F|  |TAMS 0x000000060c000000, 0x000000060c000000| Untracked 
|  44|0x000000060c400000, 0x000000060c400000, 0x000000060c800000|  0%| F|  |TAMS 0x000000060c400000, 0x000000060c400000| Untracked 
|  45|0x000000060c800000, 0x000000060c800000, 0x000000060cc00000|  0%| F|  |TAMS 0x000000060c800000, 0x000000060c800000| Untracked 
|  46|0x000000060cc00000, 0x000000060cc00000, 0x000000060d000000|  0%| F|  |TAMS 0x000000060cc00000, 0x000000060cc00000| Untracked 
|  47|0x000000060d000000, 0x000000060d000000, 0x000000060d400000|  0%| F|  |TAMS 0x000000060d000000, 0x000000060d000000| Untracked 
|  48|0x000000060d400000, 0x000000060d400000, 0x000000060d800000|  0%| F|  |TAMS 0x000000060d400000, 0x000000060d400000| Untracked 
|  49|0x000000060d800000, 0x000000060d800000, 0x000000060dc00000|  0%| F|  |TAMS 0x000000060d800000, 0x000000060d800000| Untracked 
|  50|0x000000060dc00000, 0x000000060dc00000, 0x000000060e000000|  0%| F|  |TAMS 0x000000060dc00000, 0x000000060dc00000| Untracked 
|  51|0x000000060e000000, 0x000000060e000000, 0x000000060e400000|  0%| F|  |TAMS 0x000000060e000000, 0x000000060e000000| Untracked 
|  52|0x000000060e400000, 0x000000060e400000, 0x000000060e800000|  0%| F|  |TAMS 0x000000060e400000, 0x000000060e400000| Untracked 
|  53|0x000000060e800000, 0x000000060e800000, 0x000000060ec00000|  0%| F|  |TAMS 0x000000060e800000, 0x000000060e800000| Untracked 
|  54|0x000000060ec00000, 0x000000060ec00000, 0x000000060f000000|  0%| F|  |TAMS 0x000000060ec00000, 0x000000060ec00000| Untracked 
|  55|0x000000060f000000, 0x000000060f000000, 0x000000060f400000|  0%| F|  |TAMS 0x000000060f000000, 0x000000060f000000| Untracked 
|  56|0x000000060f400000, 0x000000060f400000, 0x000000060f800000|  0%| F|  |TAMS 0x000000060f400000, 0x000000060f400000| Untracked 
|  57|0x000000060f800000, 0x000000060f800000, 0x000000060fc00000|  0%| F|  |TAMS 0x000000060f800000, 0x000000060f800000| Untracked 
|  58|0x000000060fc00000, 0x000000060fc00000, 0x0000000610000000|  0%| F|  |TAMS 0x000000060fc00000, 0x000000060fc00000| Untracked 
|  59|0x0000000610000000, 0x0000000610000000, 0x0000000610400000|  0%| F|  |TAMS 0x0000000610000000, 0x0000000610000000| Untracked 
|  60|0x0000000610400000, 0x0000000610400000, 0x0000000610800000|  0%| F|  |TAMS 0x0000000610400000, 0x0000000610400000| Untracked 
|  61|0x0000000610800000, 0x0000000610800000, 0x0000000610c00000|  0%| F|  |TAMS 0x0000000610800000, 0x0000000610800000| Untracked 
|  62|0x0000000610c00000, 0x0000000610c00000, 0x0000000611000000|  0%| F|  |TAMS 0x0000000610c00000, 0x0000000610c00000| Untracked 
|  63|0x0000000611000000, 0x0000000611000000, 0x0000000611400000|  0%| F|  |TAMS 0x0000000611000000, 0x0000000611000000| Untracked 
|  64|0x0000000611400000, 0x0000000611400000, 0x0000000611800000|  0%| F|  |TAMS 0x0000000611400000, 0x0000000611400000| Untracked 
|  65|0x0000000611800000, 0x0000000611800000, 0x0000000611c00000|  0%| F|  |TAMS 0x0000000611800000, 0x0000000611800000| Untracked 
|  66|0x0000000611c00000, 0x0000000611c00000, 0x0000000612000000|  0%| F|  |TAMS 0x0000000611c00000, 0x0000000611c00000| Untracked 
|  67|0x0000000612000000, 0x0000000612000000, 0x0000000612400000|  0%| F|  |TAMS 0x0000000612000000, 0x0000000612000000| Untracked 
|  68|0x0000000612400000, 0x0000000612400000, 0x0000000612800000|  0%| F|  |TAMS 0x0000000612400000, 0x0000000612400000| Untracked 
|  69|0x0000000612800000, 0x0000000612800000, 0x0000000612c00000|  0%| F|  |TAMS 0x0000000612800000, 0x0000000612800000| Untracked 
|  70|0x0000000612c00000, 0x0000000612c00000, 0x0000000613000000|  0%| F|  |TAMS 0x0000000612c00000, 0x0000000612c00000| Untracked 
|  71|0x0000000613000000, 0x0000000613000000, 0x0000000613400000|  0%| F|  |TAMS 0x0000000613000000, 0x0000000613000000| Untracked 
|  72|0x0000000613400000, 0x0000000613400000, 0x0000000613800000|  0%| F|  |TAMS 0x0000000613400000, 0x0000000613400000| Untracked 
|  73|0x0000000613800000, 0x0000000613800000, 0x0000000613c00000|  0%| F|  |TAMS 0x0000000613800000, 0x0000000613800000| Untracked 
|  74|0x0000000613c00000, 0x0000000613c00000, 0x0000000614000000|  0%| F|  |TAMS 0x0000000613c00000, 0x0000000613c00000| Untracked 
|  75|0x0000000614000000, 0x0000000614000000, 0x0000000614400000|  0%| F|  |TAMS 0x0000000614000000, 0x0000000614000000| Untracked 
|  76|0x0000000614400000, 0x0000000614400000, 0x0000000614800000|  0%| F|  |TAMS 0x0000000614400000, 0x0000000614400000| Untracked 
|  77|0x0000000614800000, 0x0000000614800000, 0x0000000614c00000|  0%| F|  |TAMS 0x0000000614800000, 0x0000000614800000| Untracked 
|  78|0x0000000614c00000, 0x0000000614c00000, 0x0000000615000000|  0%| F|  |TAMS 0x0000000614c00000, 0x0000000614c00000| Untracked 
|  79|0x0000000615000000, 0x0000000615000000, 0x0000000615400000|  0%| F|  |TAMS 0x0000000615000000, 0x0000000615000000| Untracked 
|  80|0x0000000615400000, 0x0000000615400000, 0x0000000615800000|  0%| F|  |TAMS 0x0000000615400000, 0x0000000615400000| Untracked 
|  81|0x0000000615800000, 0x0000000615800000, 0x0000000615c00000|  0%| F|  |TAMS 0x0000000615800000, 0x0000000615800000| Untracked 
|  82|0x0000000615c00000, 0x0000000615c00000, 0x0000000616000000|  0%| F|  |TAMS 0x0000000615c00000, 0x0000000615c00000| Untracked 
|  83|0x0000000616000000, 0x0000000616000000, 0x0000000616400000|  0%| F|  |TAMS 0x0000000616000000, 0x0000000616000000| Untracked 
|  84|0x0000000616400000, 0x0000000616400000, 0x0000000616800000|  0%| F|  |TAMS 0x0000000616400000, 0x0000000616400000| Untracked 
|  85|0x0000000616800000, 0x0000000616800000, 0x0000000616c00000|  0%| F|  |TAMS 0x0000000616800000, 0x0000000616800000| Untracked 
|  86|0x0000000616c00000, 0x0000000616c00000, 0x0000000617000000|  0%| F|  |TAMS 0x0000000616c00000, 0x0000000616c00000| Untracked 
|  87|0x0000000617000000, 0x0000000617000000, 0x0000000617400000|  0%| F|  |TAMS 0x0000000617000000, 0x0000000617000000| Untracked 
|  88|0x0000000617400000, 0x0000000617400000, 0x0000000617800000|  0%| F|  |TAMS 0x0000000617400000, 0x0000000617400000| Untracked 
|  89|0x0000000617800000, 0x0000000617800000, 0x0000000617c00000|  0%| F|  |TAMS 0x0000000617800000, 0x0000000617800000| Untracked 
|  90|0x0000000617c00000, 0x0000000617c00000, 0x0000000618000000|  0%| F|  |TAMS 0x0000000617c00000, 0x0000000617c00000| Untracked 
|  91|0x0000000618000000, 0x0000000618000000, 0x0000000618400000|  0%| F|  |TAMS 0x0000000618000000, 0x0000000618000000| Untracked 
|  92|0x0000000618400000, 0x0000000618400000, 0x0000000618800000|  0%| F|  |TAMS 0x0000000618400000, 0x0000000618400000| Untracked 
|  93|0x0000000618800000, 0x0000000618800000, 0x0000000618c00000|  0%| F|  |TAMS 0x0000000618800000, 0x0000000618800000| Untracked 
|  94|0x0000000618c00000, 0x0000000618c00000, 0x0000000619000000|  0%| F|  |TAMS 0x0000000618c00000, 0x0000000618c00000| Untracked 
|  95|0x0000000619000000, 0x0000000619000000, 0x0000000619400000|  0%| F|  |TAMS 0x0000000619000000, 0x0000000619000000| Untracked 
|  96|0x0000000619400000, 0x0000000619400000, 0x0000000619800000|  0%| F|  |TAMS 0x0000000619400000, 0x0000000619400000| Untracked 
|  97|0x0000000619800000, 0x0000000619800000, 0x0000000619c00000|  0%| F|  |TAMS 0x0000000619800000, 0x0000000619800000| Untracked 
|  98|0x0000000619c00000, 0x0000000619c00000, 0x000000061a000000|  0%| F|  |TAMS 0x0000000619c00000, 0x0000000619c00000| Untracked 
|  99|0x000000061a000000, 0x000000061a000000, 0x000000061a400000|  0%| F|  |TAMS 0x000000061a000000, 0x000000061a000000| Untracked 
| 100|0x000000061a400000, 0x000000061a400000, 0x000000061a800000|  0%| F|  |TAMS 0x000000061a400000, 0x000000061a400000| Untracked 
| 101|0x000000061a800000, 0x000000061a800000, 0x000000061ac00000|  0%| F|  |TAMS 0x000000061a800000, 0x000000061a800000| Untracked 
| 102|0x000000061ac00000, 0x000000061ac00000, 0x000000061b000000|  0%| F|  |TAMS 0x000000061ac00000, 0x000000061ac00000| Untracked 
| 103|0x000000061b000000, 0x000000061b000000, 0x000000061b400000|  0%| F|  |TAMS 0x000000061b000000, 0x000000061b000000| Untracked 
| 104|0x000000061b400000, 0x000000061b400000, 0x000000061b800000|  0%| F|  |TAMS 0x000000061b400000, 0x000000061b400000| Untracked 
| 105|0x000000061b800000, 0x000000061b800000, 0x000000061bc00000|  0%| F|  |TAMS 0x000000061b800000, 0x000000061b800000| Untracked 
| 106|0x000000061bc00000, 0x000000061bc00000, 0x000000061c000000|  0%| F|  |TAMS 0x000000061bc00000, 0x000000061bc00000| Untracked 
| 107|0x000000061c000000, 0x000000061c000000, 0x000000061c400000|  0%| F|  |TAMS 0x000000061c000000, 0x000000061c000000| Untracked 
| 108|0x000000061c400000, 0x000000061c400000, 0x000000061c800000|  0%| F|  |TAMS 0x000000061c400000, 0x000000061c400000| Untracked 
| 109|0x000000061c800000, 0x000000061c800000, 0x000000061cc00000|  0%| F|  |TAMS 0x000000061c800000, 0x000000061c800000| Untracked 
| 110|0x000000061cc00000, 0x000000061cc00000, 0x000000061d000000|  0%| F|  |TAMS 0x000000061cc00000, 0x000000061cc00000| Untracked 
| 111|0x000000061d000000, 0x000000061d000000, 0x000000061d400000|  0%| F|  |TAMS 0x000000061d000000, 0x000000061d000000| Untracked 
| 112|0x000000061d400000, 0x000000061d400000, 0x000000061d800000|  0%| F|  |TAMS 0x000000061d400000, 0x000000061d400000| Untracked 
| 113|0x000000061d800000, 0x000000061d800000, 0x000000061dc00000|  0%| F|  |TAMS 0x000000061d800000, 0x000000061d800000| Untracked 
| 114|0x000000061dc00000, 0x000000061dc00000, 0x000000061e000000|  0%| F|  |TAMS 0x000000061dc00000, 0x000000061dc00000| Untracked 
| 115|0x000000061e000000, 0x000000061e000000, 0x000000061e400000|  0%| F|  |TAMS 0x000000061e000000, 0x000000061e000000| Untracked 
| 116|0x000000061e400000, 0x000000061e600800, 0x000000061e800000| 50%| E|  |TAMS 0x000000061e400000, 0x000000061e400000| Complete 
| 117|0x000000061e800000, 0x000000061ec00000, 0x000000061ec00000|100%| E|CS|TAMS 0x000000061e800000, 0x000000061e800000| Complete 
| 118|0x000000061ec00000, 0x000000061f000000, 0x000000061f000000|100%| E|CS|TAMS 0x000000061ec00000, 0x000000061ec00000| Complete 
| 119|0x000000061f000000, 0x000000061f14ba18, 0x000000061f400000| 32%| S|CS|TAMS 0x000000061f000000, 0x000000061f000000| Complete 
| 120|0x000000061f400000, 0x000000061f800000, 0x000000061f800000|100%| E|CS|TAMS 0x000000061f400000, 0x000000061f400000| Complete 
| 121|0x000000061f800000, 0x000000061fc00000, 0x000000061fc00000|100%| E|CS|TAMS 0x000000061f800000, 0x000000061f800000| Complete 
| 122|0x000000061fc00000, 0x0000000620000000, 0x0000000620000000|100%| E|CS|TAMS 0x000000061fc00000, 0x000000061fc00000| Complete 
| 123|0x0000000620000000, 0x0000000620400000, 0x0000000620400000|100%| E|CS|TAMS 0x0000000620000000, 0x0000000620000000| Complete 
| 124|0x0000000620400000, 0x0000000620800000, 0x0000000620800000|100%| E|CS|TAMS 0x0000000620400000, 0x0000000620400000| Complete 
| 125|0x0000000620800000, 0x0000000620c00000, 0x0000000620c00000|100%| E|CS|TAMS 0x0000000620800000, 0x0000000620800000| Complete 
| 126|0x0000000620c00000, 0x0000000621000000, 0x0000000621000000|100%| E|CS|TAMS 0x0000000620c00000, 0x0000000620c00000| Complete 
| 127|0x0000000621000000, 0x0000000621400000, 0x0000000621400000|100%| E|CS|TAMS 0x0000000621000000, 0x0000000621000000| Complete 

Card table byte_map: [0x0000027b45a70000,0x0000027b46a70000] _byte_map_base: 0x0000027b42a66000

Marking Bits (Prev, Next): (CMBitMap*) 0x0000027b298c2330, (CMBitMap*) 0x0000027b298c2370
 Prev Bits: [0x0000027b47a70000, 0x0000027b4fa20000)
 Next Bits: [0x0000027b4fa20000, 0x0000027b579d0000)

Polling page: 0x0000027b298e0000

Metaspace:

Usage:
  Non-class:     15.70 MB used.
      Class:      1.79 MB used.
       Both:     17.49 MB used.

Virtual space:
  Non-class space:       64.00 MB reserved,      15.81 MB ( 25%) committed,  1 nodes.
      Class space:        1.00 GB reserved,       1.94 MB ( <1%) committed,  1 nodes.
             Both:        1.06 GB reserved,      17.75 MB (  2%) committed. 

Chunk freelists:
   Non-Class:  15.33 MB
       Class:  14.05 MB
        Both:  29.38 MB

MaxMetaspaceSize: unlimited
CompressedClassSpaceSize: 1.00 GB
Initial GC threshold: 21.00 MB
Current GC threshold: 21.00 MB
CDS: on
MetaspaceReclaimPolicy: balanced
 - commit_granule_bytes: 65536.
 - commit_granule_words: 8192.
 - virtual_space_node_default_size: 8388608.
 - enlarge_chunks_in_place: 1.
 - new_chunks_are_fully_committed: 0.
 - uncommit_free_chunks: 1.
 - use_allocation_guard: 0.
 - handle_deallocations: 1.


Internal statistics:

num_allocs_failed_limit: 0.
num_arena_births: 150.
num_arena_deaths: 0.
num_vsnodes_births: 2.
num_vsnodes_deaths: 0.
num_space_committed: 284.
num_space_uncommitted: 0.
num_chunks_returned_to_freelist: 0.
num_chunks_taken_from_freelist: 536.
num_chunk_merges: 0.
num_chunk_splits: 436.
num_chunks_enlarged: 376.
num_inconsistent_stats: 0.

CodeHeap 'non-profiled nmethods': size=117760Kb used=556Kb max_used=556Kb free=117203Kb
 bounds [0x0000027b3c7c0000, 0x0000027b3ca30000, 0x0000027b43ac0000]
CodeHeap 'profiled nmethods': size=117760Kb used=3195Kb max_used=3195Kb free=114564Kb
 bounds [0x0000027b34ac0000, 0x0000027b34de0000, 0x0000027b3bdc0000]
CodeHeap 'non-nmethods': size=10240Kb used=2744Kb max_used=4370Kb free=7496Kb
 bounds [0x0000027b3bdc0000, 0x0000027b3c210000, 0x0000027b3c7c0000]
 total_blobs=2583 nmethods=1650 adapters=847
 compilation: enabled
              stopped_count=0, restarted_count=0
 full_count=0

JVMCI Events (20 events):
Event: 0.929 Thread 0x0000027b59e9fe40 compacted oop handles in JVMCI runtime 0 from 104 to 85
Event: 0.931 Thread 0x0000027b798627d0 created JavaVM[4]@0x0000027b7b17d920 for JVMCI runtime 2
Event: 0.931 Thread 0x0000027b798627d0 initializing JVMCI runtime 2
Event: 0.931 Thread 0x0000027b798627d0 done waiting for JavaVM references initialization in JVMCI runtime 2
Event: 0.931 Thread 0x0000027b798627d0 initialized JVMCI runtime 2
Event: 0.952 Thread 0x0000027b59e9fe40 compacted oop handles in JVMCI runtime 0 from 119 to 117
Event: 0.969 Thread 0x0000027b59e9fe40 compacted oop handles in JVMCI runtime 0 from 129 to 121
Event: 0.972 Thread 0x0000027b798627d0 compacted oop handles in JVMCI runtime 2 from 102 to 65
Event: 0.973 Thread 0x0000027b798627d0 compacted oop handles in JVMCI runtime 2 from 66 to 49
Event: 25.294 Thread 0x0000027b59e9fe40 compacted oop handles in JVMCI runtime 0 from 142 to 126
Event: 25.302 Thread 0x0000027b59e9fe40 compacted oop handles in JVMCI runtime 0 from 127 to 90
Event: 25.308 Thread 0x0000027b59e9fe40 compacted oop handles in JVMCI runtime 0 from 96 to 94
Event: 25.355 Thread 0x0000027b59e9fe40 compacted oop handles in JVMCI runtime 0 from 103 to 102
Event: 25.371 Thread 0x0000027b59e9fe40 compacted oop handles in JVMCI runtime 0 from 108 to 107
Event: 25.378 Thread 0x0000027b798627d0 compacted oop handles in JVMCI runtime 2 from 90 to 74
Event: 25.379 Thread 0x0000027b798627d0 compacted oop handles in JVMCI runtime 2 from 75 to 59
Event: 25.386 Thread 0x0000027b59e9fe40 compacted oop handles in JVMCI runtime 0 from 116 to 115
Event: 25.386 Thread 0x0000027b59e9fe40 compacted oop handles in JVMCI runtime 0 from 116 to 58
Event: 25.390 Thread 0x0000027b798627d0 compacted oop handles in JVMCI runtime 2 from 68 to 64
Event: 25.391 Thread 0x0000027b59e9fe40 compacted oop handles in JVMCI runtime 0 from 69 to 67

Compilation events (20 events):
Event: 25.384 Thread 0x0000027b59ea0800 nmethod 1642 0x0000027b3c847c10 code [0x0000027b3c847da0, 0x0000027b3c847e78]
Event: 25.384 Thread 0x0000027b6480f530 nmethod 1643 0x0000027b3c847f10 code [0x0000027b3c8480a0, 0x0000027b3c848178]
Event: 25.384 Thread 0x0000027b6480f530 1644       3       androidx.compose.ui.unit.IntOffset::getX-impl (11 bytes)
Event: 25.384 Thread 0x0000027b7944a180 1645       3       androidx.compose.ui.unit.IntOffset::getY-impl (12 bytes)
Event: 25.384 Thread 0x0000027b59ea0800 1646       1       androidx.compose.ui.layout.Placeable::getMeasuredSize-YbymL2g (5 bytes)
Event: 25.384 Thread 0x0000027b6480f530 nmethod 1644 0x0000027b34dddb10 code [0x0000027b34dddca0, 0x0000027b34dddd98]
Event: 25.384 Thread 0x0000027b7944a180 nmethod 1645 0x0000027b34ddde10 code [0x0000027b34dddfa0, 0x0000027b34dde098]
Event: 25.384 Thread 0x0000027b59ea0800 nmethod 1646 0x0000027b3c848210 code [0x0000027b3c8483a0, 0x0000027b3c848478]
Event: 25.385 Thread 0x0000027b59ea0800 1647       3       androidx.compose.runtime.snapshots.SnapshotIdSet$Companion::getEMPTY (4 bytes)
Event: 25.385 Thread 0x0000027b6480f530 1648       3       androidx.compose.runtime.snapshots.SnapshotIdSet::access$getEMPTY$cp (4 bytes)
Event: 25.385 Thread 0x0000027b6480f530 nmethod 1648 0x0000027b34dde110 code [0x0000027b34dde2a0, 0x0000027b34dde398]
Event: 25.385 Thread 0x0000027b59ea0800 nmethod 1647 0x0000027b34dde410 code [0x0000027b34dde5a0, 0x0000027b34dde718]
Event: 25.385 Thread 0x0000027b59ea0800 1649       1       org.jetbrains.skia.Matrix33::getMat (5 bytes)
Event: 25.385 Thread 0x0000027b6480f530 1650       3       org.jetbrains.skia.impl.NativeKt::getPtr (19 bytes)
Event: 25.385 Thread 0x0000027b59ea0800 nmethod 1649 0x0000027b3c848510 code [0x0000027b3c8486a0, 0x0000027b3c848778]
Event: 25.385 Thread 0x0000027b6480f530 nmethod 1650 0x0000027b34dde810 code [0x0000027b34dde9c0, 0x0000027b34ddebb8]
Event: 25.386 Thread 0x0000027b59e9fe40 nmethod 1633 0x0000027b3c848810 code [0x0000027b3c8489a0, 0x0000027b3c848d20]
Event: 25.386 Thread 0x0000027b59e9fe40 1634   !   4       java.util.zip.Inflater::inflate (418 bytes)
Event: 25.390 Thread 0x0000027b798627d0 nmethod 1632 0x0000027b3c849090 code [0x0000027b3c849260, 0x0000027b3c84a150]
Event: 25.391 Thread 0x0000027b59e9fe40 nmethod 1634 0x0000027b3c84a710 code [0x0000027b3c84a8c0, 0x0000027b3c84ae80]

GC Heap History (4 events):
Event: 0.318 GC heap before
{Heap before GC invocations=0 (full 0):
 garbage-first heap   total 524288K, used 20480K [0x0000000601400000, 0x0000000800000000)
  region size 4096K, 6 young (24576K), 0 survivors (0K)
 Metaspace       used 5435K, committed 5568K, reserved 1114112K
  class space    used 463K, committed 512K, reserved 1048576K
}
Event: 0.320 GC heap after
{Heap after GC invocations=1 (full 0):
 garbage-first heap   total 524288K, used 3995K [0x0000000601400000, 0x0000000800000000)
  region size 4096K, 1 young (4096K), 1 survivors (4096K)
 Metaspace       used 5435K, committed 5568K, reserved 1114112K
  class space    used 463K, committed 512K, reserved 1048576K
}
Event: 0.749 GC heap before
{Heap before GC invocations=1 (full 0):
 garbage-first heap   total 524288K, used 28571K [0x0000000601400000, 0x0000000800000000)
  region size 4096K, 8 young (32768K), 1 survivors (4096K)
 Metaspace       used 12662K, committed 12864K, reserved 1114112K
  class space    used 1259K, committed 1344K, reserved 1048576K
}
Event: 0.751 GC heap after
{Heap after GC invocations=2 (full 0):
 garbage-first heap   total 524288K, used 4903K [0x0000000601400000, 0x0000000800000000)
  region size 4096K, 1 young (4096K), 1 survivors (4096K)
 Metaspace       used 12662K, committed 12864K, reserved 1114112K
  class space    used 1259K, committed 1344K, reserved 1048576K
}

Dll operation events (13 events):
Event: 0.005 Loaded shared library C:\Users\dache\.jdks\graalvm-ce-17\bin\java.dll
Event: 0.006 Loaded shared library C:\Users\dache\.jdks\graalvm-ce-17\bin\zip.dll
Event: 0.012 Loaded shared library C:\Users\dache\.jdks\graalvm-ce-17\bin\jsvml.dll
Event: 0.074 Loaded shared library C:\Users\dache\.jdks\graalvm-ce-17\bin\jvmcicompiler.dll
Event: 0.076 Loaded shared library C:\Users\dache\.jdks\graalvm-ce-17\bin\instrument.dll
Event: 0.085 Loaded shared library C:\Users\dache\.jdks\graalvm-ce-17\bin\net.dll
Event: 0.086 Loaded shared library C:\Users\dache\.jdks\graalvm-ce-17\bin\nio.dll
Event: 0.090 Loaded shared library C:\Users\dache\.jdks\graalvm-ce-17\bin\zip.dll
Event: 0.115 Loaded shared library C:\Users\dache\.jdks\graalvm-ce-17\bin\jimage.dll
Event: 0.227 Loaded shared library C:\Users\dache\.jdks\graalvm-ce-17\bin\awt.dll
Event: 0.612 Loaded shared library C:\Users\dache\.skiko\58752788008ddd92aea4562f2a41915f7f74e689ca70e0fbada57f009a92b9cf\skiko-windows-x64.dll
Event: 0.697 Loaded shared library C:\Users\dache\.jdks\graalvm-ce-17\bin\freetype.dll
Event: 0.698 Loaded shared library C:\Users\dache\.jdks\graalvm-ce-17\bin\fontmanager.dll

Deoptimization events (20 events):
Event: 0.705 Thread 0x0000027b64d1a5e0 DEOPT PACKING pc=0x0000027b3c7d8505 sp=0x000000e1e57fc600
Event: 0.705 Thread 0x0000027b64d1a5e0 DEOPT UNPACKING pc=0x0000027b3be16f45 sp=0x000000e1e57fba88 mode 3
Event: 0.819 Thread 0x0000027b64d1a5e0 DEOPT PACKING pc=0x0000027b34bf8ed3 sp=0x000000e1e57fada0
Event: 0.819 Thread 0x0000027b64d1a5e0 DEOPT UNPACKING pc=0x0000027b3be16f45 sp=0x000000e1e57fa200 mode 0
Event: 0.960 Thread 0x0000027b64d1a5e0 DEOPT PACKING pc=0x0000027b34bede24 sp=0x000000e1e57f8b70
Event: 0.960 Thread 0x0000027b64d1a5e0 DEOPT UNPACKING pc=0x0000027b3be16f45 sp=0x000000e1e57f8008 mode 1
Event: 0.960 Thread 0x0000027b64d1a5e0 DEOPT PACKING pc=0x0000027b34be71bc sp=0x000000e1e57f8c40
Event: 0.960 Thread 0x0000027b64d1a5e0 DEOPT UNPACKING pc=0x0000027b3be16f45 sp=0x000000e1e57f80f8 mode 1
Event: 0.976 Thread 0x0000027b64d1a5e0 Uncommon trap: trap_request=0xffffffed fr.pc=0x0000027b3c826635 relative=0x00000000000000b5
Event: 0.976 Thread 0x0000027b64d1a5e0 Uncommon trap: reason=null_assert_or_unreached0 action=reinterpret pc=0x0000027b3c826635 method=java.lang.StringConcatHelper.prepend(J[BLjava/lang/String;)J @ 0 jvmci
Event: 0.976 Thread 0x0000027b64d1a5e0 DEOPT PACKING pc=0x0000027b3c826635 sp=0x000000e1e57fafd0
Event: 0.976 Thread 0x0000027b64d1a5e0 DEOPT UNPACKING pc=0x0000027b3be16f45 sp=0x000000e1e57fa478 mode 3
Event: 1.910 Thread 0x0000027b64d1a5e0 Uncommon trap: trap_request=0xffffffed fr.pc=0x0000027b3c8262b2 relative=0x00000000000000b2
Event: 1.910 Thread 0x0000027b64d1a5e0 Uncommon trap: reason=null_assert_or_unreached0 action=reinterpret pc=0x0000027b3c8262b2 method=java.lang.String.getBytes([BIB)V @ 0 jvmci
Event: 1.910 Thread 0x0000027b64d1a5e0 DEOPT PACKING pc=0x0000027b3c8262b2 sp=0x000000e1e57fa500
Event: 1.910 Thread 0x0000027b64d1a5e0 DEOPT UNPACKING pc=0x0000027b3be16f45 sp=0x000000e1e57f99a8 mode 3
Event: 25.341 Thread 0x0000027b64d1a5e0 Uncommon trap: trap_request=0xffffffed fr.pc=0x0000027b3c7d5e5a relative=0x000000000000015a
Event: 25.341 Thread 0x0000027b64d1a5e0 Uncommon trap: reason=null_assert_or_unreached0 action=reinterpret pc=0x0000027b3c7d5e5a method=java.lang.String.equals(Ljava/lang/Object;)Z @ 0 jvmci
Event: 25.341 Thread 0x0000027b64d1a5e0 DEOPT PACKING pc=0x0000027b3c7d5e5a sp=0x000000e1e57faae0
Event: 25.341 Thread 0x0000027b64d1a5e0 DEOPT UNPACKING pc=0x0000027b3be16f45 sp=0x000000e1e57f9f70 mode 3

Classes unloaded (0 events):
No events

Classes redefined (0 events):
No events

Internal exceptions (16 events):
Event: 0.220 Thread 0x0000027b29812bf0 Exception <a 'java/lang/ClassNotFoundException'{0x000000062004c478}: sun/awt/resources/spi/awtProvider> (0x000000062004c478) 
thrown [s\src\hotspot\share\classfile\systemDictionary.cpp, line 256]
Event: 0.235 Thread 0x0000027b29812bf0 Exception <a 'java/io/FileNotFoundException'{0x00000006200dd348}> (0x00000006200dd348) 
thrown [s\src\hotspot\share\prims\jni.cpp, line 516]
Event: 0.241 Thread 0x0000027b29812bf0 Exception <a 'java/io/FileNotFoundException'{0x000000062010eba0}> (0x000000062010eba0) 
thrown [s\src\hotspot\share\prims\jni.cpp, line 516]
Event: 0.263 Thread 0x0000027b29812bf0 Exception <a 'java/lang/NoSuchMethodError'{0x000000062031d168}: 'java.lang.Object java.lang.invoke.DirectMethodHandle$Holder.invokeStaticInit(java.lang.Object)'> (0x000000062031d168) 
thrown [s\src\hotspot\share\interpreter\linkResolver.cpp, line 759]
Event: 0.567 Thread 0x0000027b64d1a5e0 Exception <a 'java/lang/NoSuchMethodError'{0x000000062070abf8}: 'void java.lang.invoke.DirectMethodHandle$Holder.invokeSpecial(java.lang.Object, java.lang.Object, java.lang.Object)'> (0x000000062070abf8) 
thrown [s\src\hotspot\share\interpreter\linkResolver.cpp, line 759]
Event: 0.572 Thread 0x0000027b64d1a5e0 Exception <a 'java/lang/NoSuchMethodError'{0x00000006207822a0}: 'java.lang.Object java.lang.invoke.DirectMethodHandle$Holder.newInvokeSpecial(java.lang.Object, java.lang.Object, java.lang.Object, java.lang.Object, java.lang.Object)'> (0x00000006207822a0) 
thrown [s\src\hotspot\share\interpreter\linkResolver.cpp, line 759]
Event: 0.573 Thread 0x0000027b64d1a5e0 Exception <a 'java/lang/NoSuchMethodError'{0x000000062078df10}: 'java.lang.Object java.lang.invoke.DirectMethodHandle$Holder.invokeStatic(java.lang.Object, int, java.lang.Object, java.lang.Object, java.lang.Object, java.lang.Object)'> (0x000000062078df10) 
thrown [s\src\hotspot\share\interpreter\linkResolver.cpp, line 759]
Event: 0.576 Thread 0x0000027b64d1a5e0 Exception <a 'java/lang/NoSuchMethodError'{0x00000006207b4908}: 'java.lang.Object java.lang.invoke.DirectMethodHandle$Holder.invokeStatic(java.lang.Object, int, java.lang.Object)'> (0x00000006207b4908) 
thrown [s\src\hotspot\share\interpreter\linkResolver.cpp, line 759]
Event: 0.592 Thread 0x0000027b64d1a5e0 Exception <a 'java/lang/ClassNotFoundException'{0x00000006200e03c8}: com/sun/swing/internal/plaf/metal/resources/spi/metalProvider> (0x00000006200e03c8) 
thrown [s\src\hotspot\share\classfile\systemDictionary.cpp, line 256]
Event: 0.594 Thread 0x0000027b64d1a5e0 Exception <a 'java/lang/ClassNotFoundException'{0x00000006200eaba0}: com/sun/swing/internal/plaf/basic/resources/spi/basicProvider> (0x00000006200eaba0) 
thrown [s\src\hotspot\share\classfile\systemDictionary.cpp, line 256]
Event: 0.647 Thread 0x0000027b64d1a5e0 Exception <a 'java/lang/NoSuchMethodError'{0x000000061fe45ef8}: 'void java.lang.invoke.DirectMethodHandle$Holder.invokeStatic(java.lang.Object, java.lang.Object, java.lang.Object)'> (0x000000061fe45ef8) 
thrown [s\src\hotspot\share\interpreter\linkResolver.cpp, line 759]
Event: 0.694 Thread 0x0000027b64d1a5e0 Exception <a 'java/lang/NoSuchMethodError'{0x000000061f639a20}: 'void java.lang.invoke.DirectMethodHandle$Holder.invokeStaticInit(java.lang.Object)'> (0x000000061f639a20) 
thrown [s\src\hotspot\share\interpreter\linkResolver.cpp, line 759]
Event: 0.702 Thread 0x0000027b64d1a5e0 Exception <a 'java/io/FileNotFoundException'{0x000000061f6a1ec0}> (0x000000061f6a1ec0) 
thrown [s\src\hotspot\share\prims\jni.cpp, line 516]
Event: 0.841 Thread 0x0000027b64d1a5e0 Exception <a 'java/lang/NoSuchMethodError'{0x0000000620d15b50}: 'int java.lang.invoke.DirectMethodHandle$Holder.invokeStaticInit(java.lang.Object, java.lang.Object, java.lang.Object)'> (0x0000000620d15b50) 
thrown [s\src\hotspot\share\interpreter\linkResolver.cpp, line 759]
Event: 1.910 Thread 0x0000027b64d1a5e0 Exception <a 'java/lang/NoSuchMethodError'{0x000000061f8f2d18}: 'java.lang.Object java.lang.invoke.DirectMethodHandle$Holder.invokeSpecial(java.lang.Object, java.lang.Object, java.lang.Object, java.lang.Object, long)'> (0x000000061f8f2d18) 
thrown [s\src\hotspot\share\interpreter\linkResolver.cpp, line 759]
Event: 25.393 Thread 0x0000027b64d1a5e0 Exception <a 'java/lang/NoSuchMethodError'{0x000000061e598540}: static Lorg/jetbrains/skiko/RenderExceptionsHandler;.throwException(Ljava/lang/String;)V> (0x000000061e598540) 
thrown [s\src\hotspot\share\prims\jni.cpp, line 1107]

VM Operations (20 events):
Event: 2.598 Executing VM operation: get/set locals
Event: 2.598 Executing VM operation: get/set locals done
Event: 2.599 Executing VM operation: get/set locals
Event: 2.599 Executing VM operation: get/set locals done
Event: 2.599 Executing VM operation: get/set locals
Event: 2.599 Executing VM operation: get/set locals done
Event: 2.600 Executing VM operation: get/set locals
Event: 2.600 Executing VM operation: get/set locals done
Event: 2.600 Executing VM operation: get/set locals
Event: 2.600 Executing VM operation: get/set locals done
Event: 2.604 Executing VM operation: get/set locals
Event: 2.604 Executing VM operation: get/set locals done
Event: 25.278 Executing VM operation: ChangeBreakpoints
Event: 25.278 Executing VM operation: ChangeBreakpoints done
Event: 25.279 Executing VM operation: ChangeBreakpoints
Event: 25.279 Executing VM operation: ChangeBreakpoints done
Event: 25.279 Executing VM operation: ChangeBreakpoints
Event: 25.279 Executing VM operation: ChangeBreakpoints done
Event: 25.279 Executing VM operation: ChangeBreakpoints
Event: 25.279 Executing VM operation: ChangeBreakpoints done

Events (20 events):
Event: 25.381 loading class androidx/compose/ui/graphics/ClipOp
Event: 25.381 loading class androidx/compose/ui/graphics/ClipOp done
Event: 25.381 loading class androidx/compose/ui/graphics/ClipOp$Companion
Event: 25.381 loading class androidx/compose/ui/graphics/ClipOp$Companion done
Event: 25.382 loading class org/jetbrains/skia/ClipMode
Event: 25.382 loading class org/jetbrains/skia/ClipMode done
Event: 25.385 loading class org/jetbrains/skiko/PictureHolder
Event: 25.385 loading class org/jetbrains/skiko/PictureHolder done
Event: 25.385 loading class org/jetbrains/skia/DirectContext
Event: 25.385 loading class org/jetbrains/skia/DirectContext done
Event: 25.385 loading class org/jetbrains/skia/DirectContext$Companion
Event: 25.385 loading class org/jetbrains/skia/DirectContext$Companion done
Event: 25.388 loading class org/jetbrains/skia/SurfaceProps
Event: 25.388 loading class org/jetbrains/skia/SurfaceProps done
Event: 25.389 loading class org/jetbrains/skia/DirectContextKt
Event: 25.389 loading class org/jetbrains/skia/DirectContextKt done
Event: 25.392 loading class org/jetbrains/skiko/RenderExceptionsHandler
Event: 25.392 loading class org/jetbrains/skiko/RenderExceptionsHandler done
Event: 25.392 loading class org/jetbrains/skiko/RenderExceptionsHandler$Companion
Event: 25.392 loading class org/jetbrains/skiko/RenderExceptionsHandler$Companion done


Dynamic libraries:
0x00007ff77c050000 - 0x00007ff77c05e000 	C:\Users\dache\.jdks\graalvm-ce-17\bin\java.exe
0x00007ffc52030000 - 0x00007ffc52228000 	C:\Windows\SYSTEM32\ntdll.dll
0x00007ffc51d10000 - 0x00007ffc51dcf000 	C:\Windows\System32\KERNEL32.DLL
0x00007ffc4fc50000 - 0x00007ffc4ff46000 	C:\Windows\System32\KERNELBASE.dll
0x00007ffc4f750000 - 0x00007ffc4f850000 	C:\Windows\System32\ucrtbase.dll
0x00007ffc4b4b0000 - 0x00007ffc4b4c7000 	C:\Users\dache\.jdks\graalvm-ce-17\bin\jli.dll
0x00007ffc2c460000 - 0x00007ffc2c47b000 	C:\Users\dache\.jdks\graalvm-ce-17\bin\VCRUNTIME140.dll
0x00007ffc51730000 - 0x00007ffc518cd000 	C:\Windows\System32\USER32.dll
0x00007ffc32c40000 - 0x00007ffc32eda000 	C:\Windows\WinSxS\amd64_microsoft.windows.common-controls_6595b64144ccf1df_6.0.19041.1110_none_60b5254171f9507e\COMCTL32.dll
0x00007ffc50030000 - 0x00007ffc50052000 	C:\Windows\System32\win32u.dll
0x00007ffc50e90000 - 0x00007ffc50f2e000 	C:\Windows\System32\msvcrt.dll
0x00007ffc500f0000 - 0x00007ffc5011c000 	C:\Windows\System32\GDI32.dll
0x00007ffc4f8f0000 - 0x00007ffc4fa05000 	C:\Windows\System32\gdi32full.dll
0x00007ffc4f850000 - 0x00007ffc4f8ed000 	C:\Windows\System32\msvcp_win.dll
0x00007ffc51f00000 - 0x00007ffc51f30000 	C:\Windows\System32\IMM32.DLL
0x00007ffc39ab0000 - 0x00007ffc39abc000 	C:\Users\dache\.jdks\graalvm-ce-17\bin\vcruntime140_1.dll
0x00007ffc2baf0000 - 0x00007ffc2bb7e000 	C:\Users\dache\.jdks\graalvm-ce-17\bin\msvcp140.dll
0x00007ffb98610000 - 0x00007ffb991dc000 	C:\Users\dache\.jdks\graalvm-ce-17\bin\server\jvm.dll
0x00007ffc513a0000 - 0x00007ffc5144f000 	C:\Windows\System32\ADVAPI32.dll
0x00007ffc50d80000 - 0x00007ffc50e1c000 	C:\Windows\System32\sechost.dll
0x00007ffc50870000 - 0x00007ffc50996000 	C:\Windows\System32\RPCRT4.dll
0x00007ffbfe6e0000 - 0x00007ffbfe6e9000 	C:\Windows\SYSTEM32\WSOCK32.dll
0x00007ffc46140000 - 0x00007ffc46167000 	C:\Windows\SYSTEM32\WINMM.dll
0x00007ffc47d40000 - 0x00007ffc47d4a000 	C:\Windows\SYSTEM32\VERSION.dll
0x00007ffc50e20000 - 0x00007ffc50e8b000 	C:\Windows\System32\WS2_32.dll
0x00007ffc4df30000 - 0x00007ffc4df42000 	C:\Windows\SYSTEM32\kernel.appcore.dll
0x00007ffc2c450000 - 0x00007ffc2c45a000 	C:\Users\dache\.jdks\graalvm-ce-17\bin\jimage.dll
0x00007ffc4da90000 - 0x00007ffc4dc74000 	C:\Windows\SYSTEM32\DBGHELP.DLL
0x00007ffc34b30000 - 0x00007ffc34b64000 	C:\Windows\SYSTEM32\dbgcore.DLL
0x00007ffc4fbc0000 - 0x00007ffc4fc42000 	C:\Windows\System32\bcryptPrimitives.dll
0x00007ffc2b940000 - 0x00007ffc2b97b000 	C:\Users\dache\.jdks\graalvm-ce-17\bin\jdwp.dll
0x00007ffc4b4e0000 - 0x00007ffc4b4ee000 	C:\Users\dache\.jdks\graalvm-ce-17\bin\instrument.dll
0x00007ffc2c250000 - 0x00007ffc2c275000 	C:\Users\dache\.jdks\graalvm-ce-17\bin\java.dll
0x00007ffc2c210000 - 0x00007ffc2c228000 	C:\Users\dache\.jdks\graalvm-ce-17\bin\zip.dll
0x00007ffc13bc0000 - 0x00007ffc13c97000 	C:\Users\dache\.jdks\graalvm-ce-17\bin\jsvml.dll
0x00007ffc50120000 - 0x00007ffc50864000 	C:\Windows\System32\SHELL32.dll
0x00007ffc4c980000 - 0x00007ffc4d113000 	C:\Windows\SYSTEM32\windows.storage.dll
0x00007ffc50a20000 - 0x00007ffc50d74000 	C:\Windows\System32\combase.dll
0x00007ffc4f120000 - 0x00007ffc4f14e000 	C:\Windows\SYSTEM32\Wldp.dll
0x00007ffc51a00000 - 0x00007ffc51aad000 	C:\Windows\System32\SHCORE.dll
0x00007ffc51bd0000 - 0x00007ffc51c25000 	C:\Windows\System32\shlwapi.dll
0x00007ffc4f610000 - 0x00007ffc4f635000 	C:\Windows\SYSTEM32\profapi.dll
0x00007ffc39870000 - 0x00007ffc3987c000 	C:\Users\dache\.jdks\graalvm-ce-17\bin\dt_socket.dll
0x00007ffc4eb00000 - 0x00007ffc4eb3b000 	C:\Windows\SYSTEM32\IPHLPAPI.DLL
0x00007ffc4ee10000 - 0x00007ffc4ee7a000 	C:\Windows\system32\mswsock.dll
0x00007ffb76310000 - 0x00007ffb78372000 	C:\Users\dache\.jdks\graalvm-ce-17\bin\jvmcicompiler.dll
0x00007ffc4f190000 - 0x00007ffc4f1b8000 	C:\Windows\SYSTEM32\ncrypt.dll
0x00007ffc4f590000 - 0x00007ffc4f5be000 	C:\Windows\SYSTEM32\USERENV.dll
0x00007ffc4f150000 - 0x00007ffc4f18b000 	C:\Windows\SYSTEM32\NTASN1.dll
0x00007ffc2c430000 - 0x00007ffc2c449000 	C:\Users\dache\.jdks\graalvm-ce-17\bin\net.dll
0x00007ffc47d70000 - 0x00007ffc47e7a000 	C:\Windows\SYSTEM32\WINHTTP.dll
0x00007ffc2c230000 - 0x00007ffc2c246000 	C:\Users\dache\.jdks\graalvm-ce-17\bin\nio.dll
0x00007ffc127b0000 - 0x00007ffc12940000 	C:\Users\dache\.jdks\graalvm-ce-17\bin\awt.dll
0x00007ffc51e30000 - 0x00007ffc51efd000 	C:\Windows\System32\OLEAUT32.dll
0x00007ffc4c0d0000 - 0x00007ffc4c161000 	C:\Windows\SYSTEM32\apphelp.dll
0x00007ffc4c230000 - 0x00007ffc4c2ce000 	C:\Windows\system32\uxtheme.dll
0x00007ffc51ab0000 - 0x00007ffc51bc4000 	C:\Windows\System32\MSCTF.dll
0x00007ffc518d0000 - 0x00007ffc519fa000 	C:\Windows\System32\ole32.dll
0x00007ffc4c4b0000 - 0x00007ffc4c4df000 	C:\Windows\system32\DWMAPI.DLL
0x00007ffbce650000 - 0x00007ffbce775000 	C:\Windows\system32\opengl32.dll
0x00007ffbdaf60000 - 0x00007ffbdaf8c000 	C:\Windows\SYSTEM32\GLU32.dll
0x00007ffc4fb70000 - 0x00007ffc4fbbe000 	C:\Windows\System32\cfgmgr32.dll
0x00007ffc4ff50000 - 0x00007ffc4ff77000 	C:\Windows\System32\bcrypt.dll
0x00007ffc4df80000 - 0x00007ffc4e073000 	C:\Windows\SYSTEM32\dxgi.dll
0x00007ffc44000000 - 0x00007ffc44035000 	C:\Windows\SYSTEM32\amdihk64.dll
0x00007ffc46380000 - 0x00007ffc463bb000 	C:\Windows\SYSTEM32\dxcore.dll
0x00007ffb75300000 - 0x00007ffb7630f000 	C:\Users\dache\.skiko\58752788008ddd92aea4562f2a41915f7f74e689ca70e0fbada57f009a92b9cf\skiko-windows-x64.dll
0x00007ffc118a0000 - 0x00007ffc11926000 	C:\Users\dache\.jdks\graalvm-ce-17\bin\freetype.dll
0x00007ffc11610000 - 0x00007ffc116d5000 	C:\Users\dache\.jdks\graalvm-ce-17\bin\fontmanager.dll
0x00007ffc2c2e0000 - 0x00007ffc2c2e7000 	C:\Users\dache\.jdks\graalvm-ce-17\bin\jawt.dll
0x00007ffc3ac50000 - 0x00007ffc3ac70000 	C:\Windows\SYSTEM32\D3D12.dll
0x00007ffbcc9e0000 - 0x00007ffbccbad000 	C:\Windows\SYSTEM32\D3D12Core.dll
0x00007ffb5d8b0000 - 0x00007ffb61d5e000 	C:\Windows\System32\DriverStore\FileRepository\u0395045.inf_amd64_cb9a543331727801\B394905\amdxc64.dll
0x00000000770f0000 - 0x000000007721d000 	C:\Windows\System32\DriverStore\FileRepository\u0395045.inf_amd64_cb9a543331727801\B394905\amdenc64.dll
0x00007ffc252a0000 - 0x00007ffc252cb000 	C:\Windows\SYSTEM32\D3DSCache.dll
0x00007ffc48d30000 - 0x00007ffc48f37000 	C:\Windows\SYSTEM32\twinapi.appcore.dll
0x00007ffc4d6f0000 - 0x00007ffc4d96f000 	C:\Windows\SYSTEM32\dwrite.dll

dbghelp: loaded successfully - version: 4.0.5 - missing functions: none
symbol engine: initialized successfully - sym options: 0x614 - pdb path: .;C:\Users\dache\.jdks\graalvm-ce-17\bin;C:\Windows\SYSTEM32;C:\Windows\WinSxS\amd64_microsoft.windows.common-controls_6595b64144ccf1df_6.0.19041.1110_none_60b5254171f9507e;C:\Users\dache\.jdks\graalvm-ce-17\bin\server;C:\Windows\System32\DriverStore\FileRepository\u0395045.inf_amd64_cb9a543331727801\B394905;C:\Users\dache\.skiko\58752788008ddd92aea4562f2a41915f7f74e689ca70e0fbada57f009a92b9cf

VM Arguments:
jvm_args: -XX:ThreadPriorityPolicy=1 -XX:+UnlockExperimentalVMOptions -XX:+EnableJVMCIProduct -XX:JVMCIThreadsPerNativeLibraryRuntime=1 -XX:-UnlockExperimentalVMOptions -agentlib:jdwp=transport=dt_socket,address=127.0.0.1:62108,suspend=y,server=n -Djava.library.path=E:\Project\Network2desktop\build\classes\kotlin\jvm\main -javaagent:C:/Users/dache/.gradle/caches/modules-2/files-2.1/org.jetbrains.kotlinx/kotlinx-coroutines-core-jvm/1.6.4/2c997cd1c0ef33f3e751d3831929aeff1390cb30/kotlinx-coroutines-core-jvm-1.6.4.jar -javaagent:C:\Users\dache\AppData\Local\JetBrains\Toolbox\apps\IDEA-U\ch-0\231.9225.16\plugins\java\lib\rt\debugger-agent.jar=file:/C:/Users/dache/AppData/Local/Temp/capture.props -Dfile.encoding=UTF-8 
java_command: MainKt
java_class_path (initial): E:\Project\Network2desktop\build\classes\kotlin\jvm\main;C:\Users\dache\.gradle\caches\modules-2\files-2.1\org.jetbrains.kotlin\kotlin-stdlib-jdk8\1.8.0\ed04f49e186a116753ad70d34f0ac2925d1d8020\kotlin-stdlib-jdk8-1.8.0.jar;C:\Users\dache\.gradle\caches\modules-2\files-2.1\org.jetbrains.kotlin\kotlin-stdlib-jdk7\1.8.0\3c91271347f678c239607abb676d4032a7898427\kotlin-stdlib-jdk7-1.8.0.jar;C:\Users\dache\.gradle\caches\modules-2\files-2.1\org.jetbrains.skiko\skiko-awt-runtime-windows-x64\0.7.50\659400d4c3644bd9fa21db987698ccd87ceedf3d\skiko-awt-runtime-windows-x64-0.7.50.jar;C:\Users\dache\.gradle\caches\modules-2\files-2.1\org.jetbrains.kotlin\kotlin-stdlib\1.8.0\1796921c7a3e2e2665a83e6c8d33399336cd39bc\kotlin-stdlib-1.8.0.jar;C:\Users\dache\.gradle\caches\modules-2\files-2.1\org.jetbrains.compose.desktop\desktop-jvm\1.3.0\e2b2c3df64b02dab8673daba012294d9ef5efb49\desktop-jvm-1.3.0.jar;C:\Users\dache\.gradle\caches\modules-2\files-2.1\org.jetbrains\annotations\13.0\919f0dfe192fb4e063e7dacadee7f8bb9a2672a9\annotations-13.0.jar;C:\Users\dache\.gradle\caches\modules-2\files-2.1\org.jetbrains.compose.material\material-desktop\1.3.0\aee6d5f9630e14e42be059bb1e0a1a409aa8076\material-desktop-1.3.0.jar;C:\Users\dache\.gradle\caches\modules-2\files-2.1\org.jetbrains.compose.foundation\foundation-desktop\1.3.0\22ab58187358e52e14714a61b0224317fc9af567\foundation-desktop-1.3.0.jar;C:\Users\dache\.gradle\caches\modules-2\files-2.1\org.jetbrains.compose.ui\ui-desktop\1.3.0\33fe21065b205dc251cdee9d457e45658c26ca29\ui-desktop-1.3.0.jar;C:\Users\dache\.gradle\caches\modules-2\files-2.1\org.jetbrains.compose.ui\ui-tooling-preview-desktop\1.3.0\9eaed02ecbf2a1be3ef5ff0481ce7691c5a4b399\ui-tooling-preview-desktop-1.3.0.jar;C:\Users\dache\.gradle\caches\modules-2\files-2.1\org.jetbrains.compose.runtime\runtime-desktop\1.3.0\8b826174d5658059d552099a45ad33a964c79da9\runtime-desktop-1.3.0.jar;C:\Users\dache\.gradle\caches\modules-2\files-2.1\org.jetbrains.compose.mat
Launcher Type: SUN_STANDARD

[Global flags]
     intx CICompilerCount                          = 12                                        {product} {ergonomic}
     uint ConcGCThreads                            = 3                                         {product} {ergonomic}
     bool EnableJVMCIProduct                       = true                                {JVMCI product} {jimage}
     uint G1ConcRefinementThreads                  = 13                                        {product} {ergonomic}
   size_t G1HeapRegionSize                         = 4194304                                   {product} {ergonomic}
    uintx GCDrainStackTargetSize                   = 64                                        {product} {ergonomic}
   size_t InitialHeapSize                          = 536870912                                 {product} {ergonomic}
     uint JVMCIThreadsPerNativeLibraryRuntime      = 1                                   {JVMCI product} {jimage}
   size_t MarkStackSize                            = 4194304                                   {product} {ergonomic}
   size_t MaxHeapSize                              = 8568963072                                {product} {ergonomic}
   size_t MaxNewSize                               = 5138022400                                {product} {ergonomic}
   size_t MinHeapDeltaBytes                        = 4194304                                   {product} {ergonomic}
   size_t MinHeapSize                              = 8388608                                   {product} {ergonomic}
    uintx NonNMethodCodeHeapSize                   = 10453100                               {pd product} {ergonomic}
    uintx NonProfiledCodeHeapSize                  = 120602570                              {pd product} {ergonomic}
    uintx ProfiledCodeHeapSize                     = 120602570                              {pd product} {ergonomic}
    uintx ReservedCodeCacheSize                    = 251658240                              {pd product} {ergonomic}
     bool SegmentedCodeCache                       = true                                      {product} {ergonomic}
   size_t SoftMaxHeapSize                          = 8568963072                             {manageable} {ergonomic}
     intx ThreadPriorityPolicy                     = 1                                         {product} {jimage}
     bool UseCompressedClassPointers               = true                           {product lp64_product} {ergonomic}
     bool UseCompressedOops                        = true                           {product lp64_product} {ergonomic}
     bool UseG1GC                                  = true                                      {product} {ergonomic}
     bool UseLargePagesIndividualAllocation        = false                                  {pd product} {ergonomic}

Logging:
Log output configuration:
 #0: stdout all=warning uptime,level,tags
 #1: stderr all=off uptime,level,tags

Environment Variables:
PATH=C:\Windows\system32;C:\Windows;C:\Windows\System32\Wbem;C:\Windows\System32\WindowsPowerShell\v1.0\;C:\Windows\System32\OpenSSH\;C:\Program Files\dotnet\;C:\Program Files\Bandizip\;C:\AndroidSDK\platform-tools;C:\Program Files\Docker\Docker\resources\bin;C:\Program Files\Git\cmd;C:\Users\dache\AppData\Local\Microsoft\WindowsApps;C:\Users\dache\AppData\Local\JetBrains\Toolbox\scripts;;C:\Programs Files\Microsoft VS Code\bin;C:\Users\dache\.dotnet\tools
USERNAME=dache
OS=Windows_NT
PROCESSOR_IDENTIFIER=AMD64 Family 25 Model 33 Stepping 2, AuthenticAMD
TMP=C:\Users\dache\AppData\Local\Temp
TEMP=C:\Users\dache\AppData\Local\Temp



---------------  S Y S T E M  ---------------

OS:
 Windows 10 , 64 bit Build 19041 (10.0.19041.3155)
OS uptime: 0 days 23:12 hours

CPU: total 16 (initial active 16) (16 cores per cpu, 2 threads per core) family 25 model 33 stepping 2 microcode 0x0, cx8, cmov, fxsr, ht, mmx, 3dnowpref, sse, sse2, sse3, ssse3, sse4a, sse4.1, sse4.2, popcnt, lzcnt, tsc, tscinvbit, avx, avx2, aes, erms, clmul, bmi1, bmi2, adx, sha, fma, vzeroupper, clflush, clflushopt

Memory: 4k page, system-wide physical 32678M (4851M free)
TotalPageFile size 54182M (AvailPageFile size 7473M)
current process WorkingSet (physical memory assigned to process): 248M, peak: 287M
current process commit charge ("private bytes"): 788M, peak: 831M

vm_info: OpenJDK 64-Bit Server VM (17.0.7+7-jvmci-22.3-b18) for windows-amd64 JRE (17.0.7+7-jvmci-22.3-b18), built on Apr 19 2023 08:16:43 by "" with MS VC++ 17.1 (VS2022)

END.
